<?xml version="1.0" encoding="UTF-8"?>
<!-- Generated by org.testng.reporters.JUnitXMLReporter -->
<testsuite ignored="0" hostname="DESKTOP-610VIB2" failures="0" tests="3" name="Registration and Login" time="44.055" errors="0" timestamp="2023-07-31T14:07:50 CDT">
  <testcase classname="testClasses.RegistrationUATest" name="enterFirstname" time="0.353"/>
  <testcase classname="testClasses.RegistrationUATest" name="registration" time="4.581"/>
  <testcase classname="testClasses.LoginUATest" name="clickOnAccount" time="1.308"/>
</testsuite> <!-- Registration and Login -->
